Determining if the pthread_create exist failed with the following output:
Change Dir: /home/max/catkin_ws/build/CMakeFiles/CMakeTmp

Run Build Command:"/usr/bin/make" "cmTC_8adc2/fast"
/usr/bin/make -f CMakeFiles/cmTC_8adc2.dir/build.make CMakeFiles/cmTC_8adc2.dir/build
make[1]: Entering directory '/home/max/catkin_ws/build/CMakeFiles/CMakeTmp'
Building C object CMakeFiles/cmTC_8adc2.dir/CheckSymbolExists.c.o
/usr/bin/cc     -o CMakeFiles/cmTC_8adc2.dir/CheckSymbolExists.c.o   -c /home/max/catkin_ws/build/CMakeFiles/CMakeTmp/CheckSymbolExists.c
Linking C executable cmTC_8adc2
/usr/bin/cmake -E cmake_link_script CMakeFiles/cmTC_8adc2.dir/link.txt --verbose=1
/usr/bin/cc       CMakeFiles/cmTC_8adc2.dir/CheckSymbolExists.c.o  -o cmTC_8adc2 -rdynamic 
CMakeFiles/cmTC_8adc2.dir/CheckSymbolExists.c.o: In function `main':
CheckSymbolExists.c:(.text+0x16): undefined reference to `pthread_create'
collect2: error: ld returned 1 exit status
CMakeFiles/cmTC_8adc2.dir/build.make:97: recipe for target 'cmTC_8adc2' failed
make[1]: *** [cmTC_8adc2] Error 1
make[1]: Leaving directory '/home/max/catkin_ws/build/CMakeFiles/CMakeTmp'
Makefile:126: recipe for target 'cmTC_8adc2/fast' failed
make: *** [cmTC_8adc2/fast] Error 2

File /home/max/catkin_ws/build/CMakeFiles/CMakeTmp/CheckSymbolExists.c:
/* */
#include <pthread.h>

int main(int argc, char** argv)
{
  (void)argv;
#ifndef pthread_create
  return ((int*)(&pthread_create))[argc];
#else
  (void)argc;
  return 0;
#endif
}

Determining if the function pthread_create exists in the pthreads failed with the following output:
Change Dir: /home/max/catkin_ws/build/CMakeFiles/CMakeTmp

Run Build Command:"/usr/bin/make" "cmTC_4c716/fast"
/usr/bin/make -f CMakeFiles/cmTC_4c716.dir/build.make CMakeFiles/cmTC_4c716.dir/build
make[1]: Entering directory '/home/max/catkin_ws/build/CMakeFiles/CMakeTmp'
Building C object CMakeFiles/cmTC_4c716.dir/CheckFunctionExists.c.o
/usr/bin/cc    -DCHECK_FUNCTION_EXISTS=pthread_create   -o CMakeFiles/cmTC_4c716.dir/CheckFunctionExists.c.o   -c /usr/share/cmake-3.5/Modules/CheckFunctionExists.c
Linking C executable cmTC_4c716
/usr/bin/cmake -E cmake_link_script CMakeFiles/cmTC_4c716.dir/link.txt --verbose=1
/usr/bin/cc   -DCHECK_FUNCTION_EXISTS=pthread_create    CMakeFiles/cmTC_4c716.dir/CheckFunctionExists.c.o  -o cmTC_4c716 -rdynamic -lpthreads 
/usr/bin/ld: cannot find -lpthreads
collect2: error: ld returned 1 exit status
CMakeFiles/cmTC_4c716.dir/build.make:97: recipe for target 'cmTC_4c716' failed
make[1]: *** [cmTC_4c716] Error 1
make[1]: Leaving directory '/home/max/catkin_ws/build/CMakeFiles/CMakeTmp'
Makefile:126: recipe for target 'cmTC_4c716/fast' failed
make: *** [cmTC_4c716/fast] Error 2


Determining if the Q_WS_WIN exist failed with the following output:
Change Dir: /home/max/catkin_ws/build/CMakeFiles/CMakeTmp

Run Build Command:"/usr/bin/make" "cmTC_2a93d/fast"
/usr/bin/make -f CMakeFiles/cmTC_2a93d.dir/build.make CMakeFiles/cmTC_2a93d.dir/build
make[1]: Entering directory '/home/max/catkin_ws/build/CMakeFiles/CMakeTmp'
Building CXX object CMakeFiles/cmTC_2a93d.dir/CheckSymbolExists.cxx.o
/usr/bin/c++    -I/usr/include/qt4   -o CMakeFiles/cmTC_2a93d.dir/CheckSymbolExists.cxx.o -c /home/max/catkin_ws/build/CMakeFiles/CMakeTmp/CheckSymbolExists.cxx
/home/max/catkin_ws/build/CMakeFiles/CMakeTmp/CheckSymbolExists.cxx: In function ‘int main(int, char**)’:
/home/max/catkin_ws/build/CMakeFiles/CMakeTmp/CheckSymbolExists.cxx:8:19: error: ‘Q_WS_WIN’ was not declared in this scope
   return ((int*)(&Q_WS_WIN))[argc];
                   ^
CMakeFiles/cmTC_2a93d.dir/build.make:65: recipe for target 'CMakeFiles/cmTC_2a93d.dir/CheckSymbolExists.cxx.o' failed
make[1]: *** [CMakeFiles/cmTC_2a93d.dir/CheckSymbolExists.cxx.o] Error 1
make[1]: Leaving directory '/home/max/catkin_ws/build/CMakeFiles/CMakeTmp'
Makefile:126: recipe for target 'cmTC_2a93d/fast' failed
make: *** [cmTC_2a93d/fast] Error 2

File /home/max/catkin_ws/build/CMakeFiles/CMakeTmp/CheckSymbolExists.cxx:
/* */
#include <QtCore/qglobal.h>

int main(int argc, char** argv)
{
  (void)argv;
#ifndef Q_WS_WIN
  return ((int*)(&Q_WS_WIN))[argc];
#else
  (void)argc;
  return 0;
#endif
}

Determining if the Q_WS_QWS exist failed with the following output:
Change Dir: /home/max/catkin_ws/build/CMakeFiles/CMakeTmp

Run Build Command:"/usr/bin/make" "cmTC_71698/fast"
/usr/bin/make -f CMakeFiles/cmTC_71698.dir/build.make CMakeFiles/cmTC_71698.dir/build
make[1]: Entering directory '/home/max/catkin_ws/build/CMakeFiles/CMakeTmp'
Building CXX object CMakeFiles/cmTC_71698.dir/CheckSymbolExists.cxx.o
/usr/bin/c++    -I/usr/include/qt4   -o CMakeFiles/cmTC_71698.dir/CheckSymbolExists.cxx.o -c /home/max/catkin_ws/build/CMakeFiles/CMakeTmp/CheckSymbolExists.cxx
/home/max/catkin_ws/build/CMakeFiles/CMakeTmp/CheckSymbolExists.cxx: In function ‘int main(int, char**)’:
/home/max/catkin_ws/build/CMakeFiles/CMakeTmp/CheckSymbolExists.cxx:8:19: error: ‘Q_WS_QWS’ was not declared in this scope
   return ((int*)(&Q_WS_QWS))[argc];
                   ^
CMakeFiles/cmTC_71698.dir/build.make:65: recipe for target 'CMakeFiles/cmTC_71698.dir/CheckSymbolExists.cxx.o' failed
make[1]: *** [CMakeFiles/cmTC_71698.dir/CheckSymbolExists.cxx.o] Error 1
make[1]: Leaving directory '/home/max/catkin_ws/build/CMakeFiles/CMakeTmp'
Makefile:126: recipe for target 'cmTC_71698/fast' failed
make: *** [cmTC_71698/fast] Error 2

File /home/max/catkin_ws/build/CMakeFiles/CMakeTmp/CheckSymbolExists.cxx:
/* */
#include <QtCore/qglobal.h>

int main(int argc, char** argv)
{
  (void)argv;
#ifndef Q_WS_QWS
  return ((int*)(&Q_WS_QWS))[argc];
#else
  (void)argc;
  return 0;
#endif
}

Determining if the Q_WS_MAC exist failed with the following output:
Change Dir: /home/max/catkin_ws/build/CMakeFiles/CMakeTmp

Run Build Command:"/usr/bin/make" "cmTC_96ac1/fast"
/usr/bin/make -f CMakeFiles/cmTC_96ac1.dir/build.make CMakeFiles/cmTC_96ac1.dir/build
make[1]: Entering directory '/home/max/catkin_ws/build/CMakeFiles/CMakeTmp'
Building CXX object CMakeFiles/cmTC_96ac1.dir/CheckSymbolExists.cxx.o
/usr/bin/c++    -I/usr/include/qt4   -o CMakeFiles/cmTC_96ac1.dir/CheckSymbolExists.cxx.o -c /home/max/catkin_ws/build/CMakeFiles/CMakeTmp/CheckSymbolExists.cxx
/home/max/catkin_ws/build/CMakeFiles/CMakeTmp/CheckSymbolExists.cxx: In function ‘int main(int, char**)’:
/home/max/catkin_ws/build/CMakeFiles/CMakeTmp/CheckSymbolExists.cxx:8:19: error: ‘Q_WS_MAC’ was not declared in this scope
   return ((int*)(&Q_WS_MAC))[argc];
                   ^
CMakeFiles/cmTC_96ac1.dir/build.make:65: recipe for target 'CMakeFiles/cmTC_96ac1.dir/CheckSymbolExists.cxx.o' failed
make[1]: *** [CMakeFiles/cmTC_96ac1.dir/CheckSymbolExists.cxx.o] Error 1
make[1]: Leaving directory '/home/max/catkin_ws/build/CMakeFiles/CMakeTmp'
Makefile:126: recipe for target 'cmTC_96ac1/fast' failed
make: *** [cmTC_96ac1/fast] Error 2

File /home/max/catkin_ws/build/CMakeFiles/CMakeTmp/CheckSymbolExists.cxx:
/* */
#include <QtCore/qglobal.h>

int main(int argc, char** argv)
{
  (void)argv;
#ifndef Q_WS_MAC
  return ((int*)(&Q_WS_MAC))[argc];
#else
  (void)argc;
  return 0;
#endif
}

